
Showing logs for build [32mcb-kubecd-environment-pr-528-6-zdqwb-1[0m stage [32mfrom-build-pack[0m and container [32mstep-credential-initializer-pshc5[0m
{"level":"info","ts":1589811515.4276378,"logger":"fallback-logger","caller":"logging/config.go:69","msg":"Fetch GitHub commit ID from kodata failed: open /var/run/ko/refs/heads/0.8.0-ns-support: no such file or directory"}
{"level":"info","ts":1589811515.4286344,"logger":"fallback-logger","caller":"creds-init/main.go:40","msg":"Credentials initialized."}

Showing logs for build [32mcb-kubecd-environment-pr-528-6-zdqwb-1[0m stage [32mfrom-build-pack[0m and container [32mstep-working-dir-initializer-8zfqz[0m
{"level":"info","ts":1589811516.293882,"logger":"fallback-logger","caller":"logging/config.go:69","msg":"Fetch GitHub commit ID from kodata failed: open /var/run/ko/HEAD: no such file or directory"}
{"level":"info","ts":1589811516.298229,"logger":"fallback-logger","caller":"bash/main.go:64","msg":"Successfully executed command \"sh -c mkdir -p /workspace/source\"; output "}

Showing logs for build [32mcb-kubecd-environment-pr-528-6-zdqwb-1[0m stage [32mfrom-build-pack[0m and container [32mstep-place-tools[0m

Showing logs for build [32mcb-kubecd-environment-pr-528-6-zdqwb-1[0m stage [32mfrom-build-pack[0m and container [32mstep-git-source-cb-kubecd-environment-pr-528-6-zdqwb-7lfgg[0m
{"level":"info","ts":1589811545.5738113,"logger":"fallback-logger","caller":"logging/config.go:69","msg":"Fetch GitHub commit ID from kodata failed: open /var/run/ko/refs/heads/0.8.0-ns-support: no such file or directory"}
{"level":"info","ts":1589811546.714982,"logger":"fallback-logger","caller":"git/git.go:103","msg":"Successfully cloned https://github.com/cb-kubecd/environment-pr-528-6-bdd-frontend-staging.git @ master in path /workspace/source"}

Showing logs for build [32mcb-kubecd-environment-pr-528-6-zdqwb-1[0m stage [32mfrom-build-pack[0m and container [32mstep-git-merge[0m
Using SHAs from PULL_REFS=master:b59f97b3d45f3fb0a011285df87bd1b475a7f8e8,1:4bbbcc6326e21624fb1763a7a18edf540b87379f
DEBUG: LC_ALL=C JX_LOG_LEVEL=error git fetch origin --unshallow 4bbbcc6326e21624fb1763a7a18edf540b87379f: b59f97b3d45f3fb0a011285df87bd1b475a7f8e8:
DEBUG: ran git fetch --unshallow origin 4bbbcc6326e21624fb1763a7a18edf540b87379f: b59f97b3d45f3fb0a011285df87bd1b475a7f8e8: in 
DEBUG: LC_ALL=C JX_LOG_LEVEL=error git branch
DEBUG: LC_ALL=C JX_LOG_LEVEL=error git checkout master
DEBUG: ran git checkout master in 
DEBUG: LC_ALL=C JX_LOG_LEVEL=error git reset --hard b59f97b3d45f3fb0a011285df87bd1b475a7f8e8
DEBUG: ran git reset --hard b59f97b3d45f3fb0a011285df87bd1b475a7f8e8 in 
DEBUG: LC_ALL=C JX_LOG_LEVEL=error git clean -fd .
DEBUG: ran clean --force -d . in 
DEBUG: LC_ALL=C JX_LOG_LEVEL=error git merge 4bbbcc6326e21624fb1763a7a18edf540b87379f
DEBUG: ran git merge 4bbbcc6326e21624fb1763a7a18edf540b87379f in 
DEBUG: LC_ALL=C JX_LOG_LEVEL=error git log --format=%H%x1f%an%x1f%ae%x1f%cn%x1f%ce%x1f%s%n%b%x1e b59f97b3d45f3fb0a011285df87bd1b475a7f8e8..HEAD
Merged SHA 4bbbcc6326e21624fb1763a7a18edf540b87379f with commit message 'chore: Promote bdd-nh-1589810420 to version 0.0.1' into base branch master

Showing logs for build [32mcb-kubecd-environment-pr-528-6-zdqwb-1[0m stage [32mfrom-build-pack[0m and container [32mstep-build-helm-build[0m
WARNING: No $CHART_REPOSITORY defined so using the default value of: http://jenkins-x-chartmuseum:8080
Adding missing Helm repo: storage.googleapis.com https://storage.googleapis.com/chartmuseum.jenkins-x.io
WARNING: No secrets found on "helm/repos" due: reading the secret "helm/repos" from vault: no secret "helm/repos" not found in vault
Read credentials for https://storage.googleapis.com/chartmuseum.jenkins-x.io from vault helm/repos
Successfully added Helm repository storage.googleapis.com.
Adding missing Helm repo: jenkins-x-chartmuseum http://jenkins-x-chartmuseum:8080
WARNING: No secrets found on "helm/repos" due: reading the secret "helm/repos" from vault: no secret "helm/repos" not found in vault
Read credentials for http://jenkins-x-chartmuseum:8080 from vault helm/repos
Successfully added Helm repository jenkins-x-chartmuseum.
WARNING: No $CHART_REPOSITORY defined so using the default value of: http://jenkins-x-chartmuseum:8080
Adding missing Helm repo: chartmuseum.jenkins-x.io http://chartmuseum.jenkins-x.io
WARNING: No secrets found on "helm/repos" due: reading the secret "helm/repos" from vault: no secret "helm/repos" not found in vault
Read credentials for http://chartmuseum.jenkins-x.io from vault helm/repos
Successfully added Helm repository chartmuseum.jenkins-x.io.
